<?xml version="1.0" encoding="UTF-8"?>
<!-- Generated by org.testng.reporters.JUnitXMLReporter -->
<testsuite hostname="DESKTOP-6NM2OB8" ignored="0" name="tst_sanity_firefox" tests="1" failures="1" timestamp="2019-09-26T09:40:10 IST" time="28.588" errors="0">
  <testcase name="sanitytesting" time="28.515" classname="yahoo_suite.SanityTest">
    <failure type="java.io.FileNotFoundException" message="D:\sel_dec18\testcases.xlsx (The system cannot find the path specified)">
      <![CDATA[java.io.FileNotFoundException: D:\sel_dec18\testcases.xlsx (The system cannot find the path specified)
at java.io.FileInputStream.open0(Native Method)
at java.io.FileInputStream.open(Unknown Source)
at java.io.FileInputStream.<init>(Unknown Source)
at java.io.FileInputStream.<init>(Unknown Source)
at yahoo_suite.SanityTest.sanitytesting(SanityTest.java:30)
at java.util.ArrayList.forEach(Unknown Source)
... Removed 27 stack frames]]>
    </failure>
  </testcase> <!-- sanitytesting -->
</testsuite> <!-- tst_sanity_firefox -->
